<?xml version="1.0" encoding="UTF-8"?>
<!-- Generated by org.testng.reporters.JUnitXMLReporter -->
<testsuite ignored="0" hostname="DESKTOP-Q13OS2E" failures="0" tests="1" name="Test1" time="89.911" errors="0" timestamp="07 Nov 2022 13:00:24 GMT">
  <testcase classname="ddt.Paralleltesting" name="@BeforeTest tc1" time="89.871">
    <failure type="org.openqa.selenium.WebDriverException" message="unknown error: DevToolsActivePort file doesn&amp;apos;t exist
Build info: version: &amp;apos;3.141.59&amp;apos;, revision: &amp;apos;e82be7d358&amp;apos;, time: &amp;apos;2018-11-14T08:17:03&amp;apos;
System info: host: &amp;apos;DESKTOP-Q13OS2E&amp;apos;, ip: &amp;apos;192.168.1.4&amp;apos;, os.name: &amp;apos;Windows 10&amp;apos;, os.arch: &amp;apos;amd64&amp;apos;, os.version: &amp;apos;10.0&amp;apos;, java.version: &amp;apos;17.0.4.1&amp;apos;
Driver info: driver.version: EdgeDriver
remote stacktrace: Backtrace:
	Microsoft::Applications::Events::EventProperties::SetProperty [0x00007FF7D66D8542+9986]
	Microsoft::Applications::Events::EventProperty::EventProperty [0x00007FF7D6675D72+1445218]
	Ordinal0 [0x00007FF7D625FC8C+654476]
	Ordinal0 [0x00007FF7D6290F07+855815]
	Ordinal0 [0x00007FF7D628C303+836355]
	Ordinal0 [0x00007FF7D6287992+817554]
	Ordinal0 [0x00007FF7D62CB7C0+1095616]
	Ordinal0 [0x00007FF7D62CAB48+1092424]
	Ordinal0 [0x00007FF7D62C39B3+1063347]
	Ordinal0 [0x00007FF7D629506A+872554]
	Ordinal0 [0x00007FF7D629402E+868398]
	Ordinal0 [0x00007FF7D629570F+874255]
	Microsoft::Applications::Events::EventProperty::EventProperty [0x00007FF7D6536108+135416]
	Microsoft::Applications::Events::EventProperty::EventProperty [0x00007FF7D65202CF+45759]
	Microsoft::Applications::Events::EventProperty::EventProperty [0x00007FF7D652374C+59196]
	Ordinal0 [0x00007FF7D636B1F4+1749492]
	Microsoft::Applications::Events::EventProperty::EventProperty [0x00007FF7D667B66A+1467994]
	Microsoft::Applications::Events::EventProperty::EventProperty [0x00007FF7D667FF04+1486580]
	Microsoft::Applications::Events::EventProperty::EventProperty [0x00007FF7D668005D+1486925]
	Microsoft::Applications::Events::EventProperty::EventProperty [0x00007FF7D6687E1B+1519115]
	BaseThreadInitThunk [0x00007FFC13A37034+20]
	RtlUserThreadStart [0x00007FFC147C26A1+33]
">
      <![CDATA[org.openqa.selenium.WebDriverException: unknown error: DevToolsActivePort file doesn't exist
Build info: version: '3.141.59', revision: 'e82be7d358', time: '2018-11-14T08:17:03'
System info: host: 'DESKTOP-Q13OS2E', ip: '192.168.1.4', os.name: 'Windows 10', os.arch: 'amd64', os.version: '10.0', java.version: '17.0.4.1'
Driver info: driver.version: EdgeDriver
remote stacktrace: Backtrace:
Microsoft::Applications::Events::EventProperties::SetProperty [0x00007FF7D66D8542+9986]
Microsoft::Applications::Events::EventProperty::EventProperty [0x00007FF7D6675D72+1445218]
Ordinal0 [0x00007FF7D625FC8C+654476]
Ordinal0 [0x00007FF7D6290F07+855815]
Ordinal0 [0x00007FF7D628C303+836355]
Ordinal0 [0x00007FF7D6287992+817554]
Ordinal0 [0x00007FF7D62CB7C0+1095616]
Ordinal0 [0x00007FF7D62CAB48+1092424]
Ordinal0 [0x00007FF7D62C39B3+1063347]
Ordinal0 [0x00007FF7D629506A+872554]
Ordinal0 [0x00007FF7D629402E+868398]
Ordinal0 [0x00007FF7D629570F+874255]
Microsoft::Applications::Events::EventProperty::EventProperty [0x00007FF7D6536108+135416]
Microsoft::Applications::Events::EventProperty::EventProperty [0x00007FF7D65202CF+45759]
Microsoft::Applications::Events::EventProperty::EventProperty [0x00007FF7D652374C+59196]
Ordinal0 [0x00007FF7D636B1F4+1749492]
Microsoft::Applications::Events::EventProperty::EventProperty [0x00007FF7D667B66A+1467994]
Microsoft::Applications::Events::EventProperty::EventProperty [0x00007FF7D667FF04+1486580]
Microsoft::Applications::Events::EventProperty::EventProperty [0x00007FF7D668005D+1486925]
Microsoft::Applications::Events::EventProperty::EventProperty [0x00007FF7D6687E1B+1519115]
BaseThreadInitThunk [0x00007FFC13A37034+20]
RtlUserThreadStart [0x00007FFC147C26A1+33]

at org.openqa.selenium.remote.W3CHandshakeResponse.lambda$errorHandler$0(W3CHandshakeResponse.java:62)
at org.openqa.selenium.remote.HandshakeResponse.lambda$getResponseFunction$0(HandshakeResponse.java:30)
at org.openqa.selenium.remote.ProtocolHandshake.lambda$createSession$0(ProtocolHandshake.java:126)
at java.base/java.util.stream.ReferencePipeline$3$1.accept(ReferencePipeline.java:197)
at java.base/java.util.Spliterators$ArraySpliterator.tryAdvance(Spliterators.java:1002)
at java.base/java.util.stream.ReferencePipeline.forEachWithCancel(ReferencePipeline.java:129)
at java.base/java.util.stream.AbstractPipeline.copyIntoWithCancel(AbstractPipeline.java:527)
at java.base/java.util.stream.AbstractPipeline.copyInto(AbstractPipeline.java:513)
at java.base/java.util.stream.AbstractPipeline.wrapAndCopyInto(AbstractPipeline.java:499)
at java.base/java.util.stream.FindOps$FindOp.evaluateSequential(FindOps.java:150)
at java.base/java.util.stream.AbstractPipeline.evaluate(AbstractPipeline.java:234)
at java.base/java.util.stream.ReferencePipeline.findFirst(ReferencePipeline.java:647)
at org.openqa.selenium.remote.ProtocolHandshake.createSession(ProtocolHandshake.java:128)
at org.openqa.selenium.remote.ProtocolHandshake.createSession(ProtocolHandshake.java:74)
at org.openqa.selenium.remote.HttpCommandExecutor.execute(HttpCommandExecutor.java:136)
at org.openqa.selenium.remote.service.DriverCommandExecutor.execute(DriverCommandExecutor.java:83)
at org.openqa.selenium.remote.RemoteWebDriver.execute(RemoteWebDriver.java:552)
at org.openqa.selenium.remote.RemoteWebDriver.startSession(RemoteWebDriver.java:213)
at org.openqa.selenium.remote.RemoteWebDriver.<init>(RemoteWebDriver.java:131)
at org.openqa.selenium.edge.EdgeDriver.<init>(EdgeDriver.java:141)
at org.openqa.selenium.edge.EdgeDriver.<init>(EdgeDriver.java:96)
at ddt.Paralleltesting.tc1(Paralleltesting.java:18)
at java.base/java.util.concurrent.FutureTask.run(FutureTask.java:264)
at java.base/java.util.concurrent.ThreadPoolExecutor.runWorker(ThreadPoolExecutor.java:1136)
at java.base/java.util.concurrent.ThreadPoolExecutor$Worker.run(ThreadPoolExecutor.java:635)
at java.base/java.lang.Thread.run(Thread.java:833)
... Removed 20 stack frames]]>
    </failure>
  </testcase> <!-- @BeforeTest tc1 -->
  <testcase classname="ddt.Paralleltesting" name="tc2" time="0.0">
    <skipped/>
  </testcase> <!-- tc2 -->
</testsuite> <!-- Test1 -->
