<?xml version="1.0" encoding="UTF-8"?>
<testng-results ignored="0" total="2" passed="0" failed="1" skipped="1">
  <reporter-output>
  </reporter-output>
  <suite started-at="2022-11-07T12:58:54Z" name="Suite" finished-at="2022-11-07T13:00:24Z" duration-ms="89911">
    <groups>
    </groups>
    <test started-at="2022-11-07T12:58:54Z" name="Test2" finished-at="2022-11-07T13:00:09Z" duration-ms="75205">
      <class name="ddt.Paralleltesting">
        <test-method is-config="true" signature="tc1(java.lang.String)[pri:0, instance:ddt.Paralleltesting@be68757]" started-at="2022-11-07T12:58:54Z" name="tc1" finished-at="2022-11-07T12:59:19Z" duration-ms="25416" status="PASS">
          <params>
            <param index="0">
              <value>
                <![CDATA[Chrome]]>
              </value>
            </param>
          </params>
          <reporter-output>
          </reporter-output>
        </test-method> <!-- tc1 -->
        <test-method signature="tc2()[pri:0, instance:ddt.Paralleltesting@be68757]" started-at="2022-11-07T12:59:19Z" name="tc2" finished-at="2022-11-07T13:00:09Z" duration-ms="49456" status="FAIL">
          <exception class="org.openqa.selenium.WebDriverException">
            <message>
              <![CDATA[unknown error: failed to close window in 20 seconds
  (Session info: chrome=107.0.5304.88)
Build info: version: '3.141.59', revision: 'e82be7d358', time: '2018-11-14T08:17:03'
System info: host: 'DESKTOP-Q13OS2E', ip: '192.168.1.4', os.name: 'Windows 10', os.arch: 'amd64', os.version: '10.0', java.version: '17.0.4.1'
Driver info: org.openqa.selenium.chrome.ChromeDriver
Capabilities {acceptInsecureCerts: false, browserName: chrome, browserVersion: 107.0.5304.88, chrome: {chromedriverVersion: 107.0.5304.62 (1eec40d3a576..., userDataDir: C:\Users\User\AppData\Local...}, goog:chromeOptions: {debuggerAddress: localhost:50228}, javascriptEnabled: true, networkConnectionEnabled: false, pageLoadStrategy: normal, platform: WINDOWS, platformName: WINDOWS, proxy: Proxy(), setWindowRect: true, strictFileInteractability: false, timeouts: {implicit: 0, pageLoad: 300000, script: 30000}, unhandledPromptBehavior: dismiss and notify, webauthn:extension:credBlob: true, webauthn:extension:largeBlob: true, webauthn:virtualAuthenticators: true}
Session ID: 4665fc50c4d110347d37d6fd05f1a883]]>
            </message>
            <full-stacktrace>
              <![CDATA[org.openqa.selenium.WebDriverException: unknown error: failed to close window in 20 seconds
  (Session info: chrome=107.0.5304.88)
Build info: version: '3.141.59', revision: 'e82be7d358', time: '2018-11-14T08:17:03'
System info: host: 'DESKTOP-Q13OS2E', ip: '192.168.1.4', os.name: 'Windows 10', os.arch: 'amd64', os.version: '10.0', java.version: '17.0.4.1'
Driver info: org.openqa.selenium.chrome.ChromeDriver
Capabilities {acceptInsecureCerts: false, browserName: chrome, browserVersion: 107.0.5304.88, chrome: {chromedriverVersion: 107.0.5304.62 (1eec40d3a576..., userDataDir: C:\Users\User\AppData\Local...}, goog:chromeOptions: {debuggerAddress: localhost:50228}, javascriptEnabled: true, networkConnectionEnabled: false, pageLoadStrategy: normal, platform: WINDOWS, platformName: WINDOWS, proxy: Proxy(), setWindowRect: true, strictFileInteractability: false, timeouts: {implicit: 0, pageLoad: 300000, script: 30000}, unhandledPromptBehavior: dismiss and notify, webauthn:extension:credBlob: true, webauthn:extension:largeBlob: true, webauthn:virtualAuthenticators: true}
Session ID: 4665fc50c4d110347d37d6fd05f1a883
at java.base/jdk.internal.reflect.NativeConstructorAccessorImpl.newInstance0(Native Method)
at java.base/jdk.internal.reflect.NativeConstructorAccessorImpl.newInstance(NativeConstructorAccessorImpl.java:77)
at java.base/jdk.internal.reflect.DelegatingConstructorAccessorImpl.newInstance(DelegatingConstructorAccessorImpl.java:45)
at java.base/java.lang.reflect.Constructor.newInstanceWithCaller(Constructor.java:499)
at java.base/java.lang.reflect.Constructor.newInstance(Constructor.java:480)
at org.openqa.selenium.remote.http.W3CHttpResponseCodec.createException(W3CHttpResponseCodec.java:187)
at org.openqa.selenium.remote.http.W3CHttpResponseCodec.decode(W3CHttpResponseCodec.java:122)
at org.openqa.selenium.remote.http.W3CHttpResponseCodec.decode(W3CHttpResponseCodec.java:49)
at org.openqa.selenium.remote.HttpCommandExecutor.execute(HttpCommandExecutor.java:158)
at org.openqa.selenium.remote.service.DriverCommandExecutor.execute(DriverCommandExecutor.java:83)
at org.openqa.selenium.remote.RemoteWebDriver.execute(RemoteWebDriver.java:552)
at org.openqa.selenium.remote.RemoteWebDriver.execute(RemoteWebDriver.java:609)
at org.openqa.selenium.remote.RemoteWebDriver.close(RemoteWebDriver.java:442)
at ddt.Paralleltesting.tc2(Paralleltesting.java:33)
at java.base/jdk.internal.reflect.NativeMethodAccessorImpl.invoke0(Native Method)
at java.base/jdk.internal.reflect.NativeMethodAccessorImpl.invoke(NativeMethodAccessorImpl.java:77)
at java.base/jdk.internal.reflect.DelegatingMethodAccessorImpl.invoke(DelegatingMethodAccessorImpl.java:43)
at java.base/java.lang.reflect.Method.invoke(Method.java:568)
at org.testng.internal.MethodInvocationHelper.invokeMethod(MethodInvocationHelper.java:124)
at org.testng.internal.Invoker.invokeMethod(Invoker.java:583)
at org.testng.internal.Invoker.invokeTestMethod(Invoker.java:719)
at org.testng.internal.Invoker.invokeTestMethods(Invoker.java:989)
at org.testng.internal.TestMethodWorker.invokeTestMethods(TestMethodWorker.java:125)
at org.testng.internal.TestMethodWorker.run(TestMethodWorker.java:109)
at org.testng.TestRunner.privateRun(TestRunner.java:648)
at org.testng.TestRunner.run(TestRunner.java:505)
at org.testng.SuiteRunner.runTest(SuiteRunner.java:455)
at org.testng.SuiteRunner.access$000(SuiteRunner.java:40)
at org.testng.SuiteRunner$SuiteWorker.run(SuiteRunner.java:489)
at org.testng.internal.thread.ThreadUtil$1.call(ThreadUtil.java:52)
at java.base/java.util.concurrent.FutureTask.run(FutureTask.java:264)
at java.base/java.util.concurrent.ThreadPoolExecutor.runWorker(ThreadPoolExecutor.java:1136)
at java.base/java.util.concurrent.ThreadPoolExecutor$Worker.run(ThreadPoolExecutor.java:635)
at java.base/java.lang.Thread.run(Thread.java:833)
]]>
            </full-stacktrace>
          </exception> <!-- org.openqa.selenium.WebDriverException -->
          <reporter-output>
          </reporter-output>
        </test-method> <!-- tc2 -->
      </class> <!-- ddt.Paralleltesting -->
    </test> <!-- Test2 -->
    <test started-at="2022-11-07T12:58:54Z" name="Test1" finished-at="2022-11-07T13:00:24Z" duration-ms="89911">
      <class name="ddt.Paralleltesting">
        <test-method is-config="true" signature="tc1(java.lang.String)[pri:0, instance:ddt.Paralleltesting@4b213651]" started-at="2022-11-07T12:58:54Z" name="tc1" finished-at="2022-11-07T13:00:24Z" duration-ms="89871" status="FAIL">
          <params>
            <param index="0">
              <value>
                <![CDATA[edge]]>
              </value>
            </param>
          </params>
          <exception class="org.openqa.selenium.WebDriverException">
            <message>
              <![CDATA[unknown error: DevToolsActivePort file doesn't exist
Build info: version: '3.141.59', revision: 'e82be7d358', time: '2018-11-14T08:17:03'
System info: host: 'DESKTOP-Q13OS2E', ip: '192.168.1.4', os.name: 'Windows 10', os.arch: 'amd64', os.version: '10.0', java.version: '17.0.4.1'
Driver info: driver.version: EdgeDriver
remote stacktrace: Backtrace:
Microsoft::Applications::Events::EventProperties::SetProperty [0x00007FF7D66D8542+9986]
Microsoft::Applications::Events::EventProperty::EventProperty [0x00007FF7D6675D72+1445218]
Ordinal0 [0x00007FF7D625FC8C+654476]
Ordinal0 [0x00007FF7D6290F07+855815]
Ordinal0 [0x00007FF7D628C303+836355]
Ordinal0 [0x00007FF7D6287992+817554]
Ordinal0 [0x00007FF7D62CB7C0+1095616]
Ordinal0 [0x00007FF7D62CAB48+1092424]
Ordinal0 [0x00007FF7D62C39B3+1063347]
Ordinal0 [0x00007FF7D629506A+872554]
Ordinal0 [0x00007FF7D629402E+868398]
Ordinal0 [0x00007FF7D629570F+874255]
Microsoft::Applications::Events::EventProperty::EventProperty [0x00007FF7D6536108+135416]
Microsoft::Applications::Events::EventProperty::EventProperty [0x00007FF7D65202CF+45759]
Microsoft::Applications::Events::EventProperty::EventProperty [0x00007FF7D652374C+59196]
Ordinal0 [0x00007FF7D636B1F4+1749492]
Microsoft::Applications::Events::EventProperty::EventProperty [0x00007FF7D667B66A+1467994]
Microsoft::Applications::Events::EventProperty::EventProperty [0x00007FF7D667FF04+1486580]
Microsoft::Applications::Events::EventProperty::EventProperty [0x00007FF7D668005D+1486925]
Microsoft::Applications::Events::EventProperty::EventProperty [0x00007FF7D6687E1B+1519115]
BaseThreadInitThunk [0x00007FFC13A37034+20]
RtlUserThreadStart [0x00007FFC147C26A1+33]
]]>
            </message>
            <full-stacktrace>
              <![CDATA[org.openqa.selenium.WebDriverException: unknown error: DevToolsActivePort file doesn't exist
Build info: version: '3.141.59', revision: 'e82be7d358', time: '2018-11-14T08:17:03'
System info: host: 'DESKTOP-Q13OS2E', ip: '192.168.1.4', os.name: 'Windows 10', os.arch: 'amd64', os.version: '10.0', java.version: '17.0.4.1'
Driver info: driver.version: EdgeDriver
remote stacktrace: Backtrace:
Microsoft::Applications::Events::EventProperties::SetProperty [0x00007FF7D66D8542+9986]
Microsoft::Applications::Events::EventProperty::EventProperty [0x00007FF7D6675D72+1445218]
Ordinal0 [0x00007FF7D625FC8C+654476]
Ordinal0 [0x00007FF7D6290F07+855815]
Ordinal0 [0x00007FF7D628C303+836355]
Ordinal0 [0x00007FF7D6287992+817554]
Ordinal0 [0x00007FF7D62CB7C0+1095616]
Ordinal0 [0x00007FF7D62CAB48+1092424]
Ordinal0 [0x00007FF7D62C39B3+1063347]
Ordinal0 [0x00007FF7D629506A+872554]
Ordinal0 [0x00007FF7D629402E+868398]
Ordinal0 [0x00007FF7D629570F+874255]
Microsoft::Applications::Events::EventProperty::EventProperty [0x00007FF7D6536108+135416]
Microsoft::Applications::Events::EventProperty::EventProperty [0x00007FF7D65202CF+45759]
Microsoft::Applications::Events::EventProperty::EventProperty [0x00007FF7D652374C+59196]
Ordinal0 [0x00007FF7D636B1F4+1749492]
Microsoft::Applications::Events::EventProperty::EventProperty [0x00007FF7D667B66A+1467994]
Microsoft::Applications::Events::EventProperty::EventProperty [0x00007FF7D667FF04+1486580]
Microsoft::Applications::Events::EventProperty::EventProperty [0x00007FF7D668005D+1486925]
Microsoft::Applications::Events::EventProperty::EventProperty [0x00007FF7D6687E1B+1519115]
BaseThreadInitThunk [0x00007FFC13A37034+20]
RtlUserThreadStart [0x00007FFC147C26A1+33]

at java.base/jdk.internal.reflect.NativeConstructorAccessorImpl.newInstance0(Native Method)
at java.base/jdk.internal.reflect.NativeConstructorAccessorImpl.newInstance(NativeConstructorAccessorImpl.java:77)
at java.base/jdk.internal.reflect.DelegatingConstructorAccessorImpl.newInstance(DelegatingConstructorAccessorImpl.java:45)
at java.base/java.lang.reflect.Constructor.newInstanceWithCaller(Constructor.java:499)
at java.base/java.lang.reflect.Constructor.newInstance(Constructor.java:480)
at org.openqa.selenium.remote.W3CHandshakeResponse.lambda$errorHandler$0(W3CHandshakeResponse.java:62)
at org.openqa.selenium.remote.HandshakeResponse.lambda$getResponseFunction$0(HandshakeResponse.java:30)
at org.openqa.selenium.remote.ProtocolHandshake.lambda$createSession$0(ProtocolHandshake.java:126)
at java.base/java.util.stream.ReferencePipeline$3$1.accept(ReferencePipeline.java:197)
at java.base/java.util.Spliterators$ArraySpliterator.tryAdvance(Spliterators.java:1002)
at java.base/java.util.stream.ReferencePipeline.forEachWithCancel(ReferencePipeline.java:129)
at java.base/java.util.stream.AbstractPipeline.copyIntoWithCancel(AbstractPipeline.java:527)
at java.base/java.util.stream.AbstractPipeline.copyInto(AbstractPipeline.java:513)
at java.base/java.util.stream.AbstractPipeline.wrapAndCopyInto(AbstractPipeline.java:499)
at java.base/java.util.stream.FindOps$FindOp.evaluateSequential(FindOps.java:150)
at java.base/java.util.stream.AbstractPipeline.evaluate(AbstractPipeline.java:234)
at java.base/java.util.stream.ReferencePipeline.findFirst(ReferencePipeline.java:647)
at org.openqa.selenium.remote.ProtocolHandshake.createSession(ProtocolHandshake.java:128)
at org.openqa.selenium.remote.ProtocolHandshake.createSession(ProtocolHandshake.java:74)
at org.openqa.selenium.remote.HttpCommandExecutor.execute(HttpCommandExecutor.java:136)
at org.openqa.selenium.remote.service.DriverCommandExecutor.execute(DriverCommandExecutor.java:83)
at org.openqa.selenium.remote.RemoteWebDriver.execute(RemoteWebDriver.java:552)
at org.openqa.selenium.remote.RemoteWebDriver.startSession(RemoteWebDriver.java:213)
at org.openqa.selenium.remote.RemoteWebDriver.<init>(RemoteWebDriver.java:131)
at org.openqa.selenium.edge.EdgeDriver.<init>(EdgeDriver.java:141)
at org.openqa.selenium.edge.EdgeDriver.<init>(EdgeDriver.java:96)
at ddt.Paralleltesting.tc1(Paralleltesting.java:18)
at java.base/jdk.internal.reflect.NativeMethodAccessorImpl.invoke0(Native Method)
at java.base/jdk.internal.reflect.NativeMethodAccessorImpl.invoke(NativeMethodAccessorImpl.java:77)
at java.base/jdk.internal.reflect.DelegatingMethodAccessorImpl.invoke(DelegatingMethodAccessorImpl.java:43)
at java.base/java.lang.reflect.Method.invoke(Method.java:568)
at org.testng.internal.MethodInvocationHelper.invokeMethod(MethodInvocationHelper.java:124)
at org.testng.internal.MethodInvocationHelper.invokeMethodConsideringTimeout(MethodInvocationHelper.java:59)
at org.testng.internal.Invoker.invokeConfigurationMethod(Invoker.java:458)
at org.testng.internal.Invoker.invokeConfigurations(Invoker.java:222)
at org.testng.internal.Invoker.invokeConfigurations(Invoker.java:142)
at org.testng.TestRunner.beforeRun(TestRunner.java:529)
at org.testng.TestRunner.run(TestRunner.java:497)
at org.testng.SuiteRunner.runTest(SuiteRunner.java:455)
at org.testng.SuiteRunner.access$000(SuiteRunner.java:40)
at org.testng.SuiteRunner$SuiteWorker.run(SuiteRunner.java:489)
at org.testng.internal.thread.ThreadUtil$1.call(ThreadUtil.java:52)
at java.base/java.util.concurrent.FutureTask.run(FutureTask.java:264)
at java.base/java.util.concurrent.ThreadPoolExecutor.runWorker(ThreadPoolExecutor.java:1136)
at java.base/java.util.concurrent.ThreadPoolExecutor$Worker.run(ThreadPoolExecutor.java:635)
at java.base/java.lang.Thread.run(Thread.java:833)
]]>
            </full-stacktrace>
          </exception> <!-- org.openqa.selenium.WebDriverException -->
          <reporter-output>
          </reporter-output>
        </test-method> <!-- tc1 -->
        <test-method signature="tc2()[pri:0, instance:ddt.Paralleltesting@4b213651]" started-at="2022-11-07T13:00:24Z" name="tc2" finished-at="2022-11-07T13:00:24Z" duration-ms="0" status="SKIP">
          <exception class="org.openqa.selenium.WebDriverException">
            <message>
              <![CDATA[unknown error: DevToolsActivePort file doesn't exist
Build info: version: '3.141.59', revision: 'e82be7d358', time: '2018-11-14T08:17:03'
System info: host: 'DESKTOP-Q13OS2E', ip: '192.168.1.4', os.name: 'Windows 10', os.arch: 'amd64', os.version: '10.0', java.version: '17.0.4.1'
Driver info: driver.version: EdgeDriver
remote stacktrace: Backtrace:
Microsoft::Applications::Events::EventProperties::SetProperty [0x00007FF7D66D8542+9986]
Microsoft::Applications::Events::EventProperty::EventProperty [0x00007FF7D6675D72+1445218]
Ordinal0 [0x00007FF7D625FC8C+654476]
Ordinal0 [0x00007FF7D6290F07+855815]
Ordinal0 [0x00007FF7D628C303+836355]
Ordinal0 [0x00007FF7D6287992+817554]
Ordinal0 [0x00007FF7D62CB7C0+1095616]
Ordinal0 [0x00007FF7D62CAB48+1092424]
Ordinal0 [0x00007FF7D62C39B3+1063347]
Ordinal0 [0x00007FF7D629506A+872554]
Ordinal0 [0x00007FF7D629402E+868398]
Ordinal0 [0x00007FF7D629570F+874255]
Microsoft::Applications::Events::EventProperty::EventProperty [0x00007FF7D6536108+135416]
Microsoft::Applications::Events::EventProperty::EventProperty [0x00007FF7D65202CF+45759]
Microsoft::Applications::Events::EventProperty::EventProperty [0x00007FF7D652374C+59196]
Ordinal0 [0x00007FF7D636B1F4+1749492]
Microsoft::Applications::Events::EventProperty::EventProperty [0x00007FF7D667B66A+1467994]
Microsoft::Applications::Events::EventProperty::EventProperty [0x00007FF7D667FF04+1486580]
Microsoft::Applications::Events::EventProperty::EventProperty [0x00007FF7D668005D+1486925]
Microsoft::Applications::Events::EventProperty::EventProperty [0x00007FF7D6687E1B+1519115]
BaseThreadInitThunk [0x00007FFC13A37034+20]
RtlUserThreadStart [0x00007FFC147C26A1+33]
]]>
            </message>
            <full-stacktrace>
              <![CDATA[org.openqa.selenium.WebDriverException: unknown error: DevToolsActivePort file doesn't exist
Build info: version: '3.141.59', revision: 'e82be7d358', time: '2018-11-14T08:17:03'
System info: host: 'DESKTOP-Q13OS2E', ip: '192.168.1.4', os.name: 'Windows 10', os.arch: 'amd64', os.version: '10.0', java.version: '17.0.4.1'
Driver info: driver.version: EdgeDriver
remote stacktrace: Backtrace:
Microsoft::Applications::Events::EventProperties::SetProperty [0x00007FF7D66D8542+9986]
Microsoft::Applications::Events::EventProperty::EventProperty [0x00007FF7D6675D72+1445218]
Ordinal0 [0x00007FF7D625FC8C+654476]
Ordinal0 [0x00007FF7D6290F07+855815]
Ordinal0 [0x00007FF7D628C303+836355]
Ordinal0 [0x00007FF7D6287992+817554]
Ordinal0 [0x00007FF7D62CB7C0+1095616]
Ordinal0 [0x00007FF7D62CAB48+1092424]
Ordinal0 [0x00007FF7D62C39B3+1063347]
Ordinal0 [0x00007FF7D629506A+872554]
Ordinal0 [0x00007FF7D629402E+868398]
Ordinal0 [0x00007FF7D629570F+874255]
Microsoft::Applications::Events::EventProperty::EventProperty [0x00007FF7D6536108+135416]
Microsoft::Applications::Events::EventProperty::EventProperty [0x00007FF7D65202CF+45759]
Microsoft::Applications::Events::EventProperty::EventProperty [0x00007FF7D652374C+59196]
Ordinal0 [0x00007FF7D636B1F4+1749492]
Microsoft::Applications::Events::EventProperty::EventProperty [0x00007FF7D667B66A+1467994]
Microsoft::Applications::Events::EventProperty::EventProperty [0x00007FF7D667FF04+1486580]
Microsoft::Applications::Events::EventProperty::EventProperty [0x00007FF7D668005D+1486925]
Microsoft::Applications::Events::EventProperty::EventProperty [0x00007FF7D6687E1B+1519115]
BaseThreadInitThunk [0x00007FFC13A37034+20]
RtlUserThreadStart [0x00007FFC147C26A1+33]

at java.base/jdk.internal.reflect.NativeConstructorAccessorImpl.newInstance0(Native Method)
at java.base/jdk.internal.reflect.NativeConstructorAccessorImpl.newInstance(NativeConstructorAccessorImpl.java:77)
at java.base/jdk.internal.reflect.DelegatingConstructorAccessorImpl.newInstance(DelegatingConstructorAccessorImpl.java:45)
at java.base/java.lang.reflect.Constructor.newInstanceWithCaller(Constructor.java:499)
at java.base/java.lang.reflect.Constructor.newInstance(Constructor.java:480)
at org.openqa.selenium.remote.W3CHandshakeResponse.lambda$errorHandler$0(W3CHandshakeResponse.java:62)
at org.openqa.selenium.remote.HandshakeResponse.lambda$getResponseFunction$0(HandshakeResponse.java:30)
at org.openqa.selenium.remote.ProtocolHandshake.lambda$createSession$0(ProtocolHandshake.java:126)
at java.base/java.util.stream.ReferencePipeline$3$1.accept(ReferencePipeline.java:197)
at java.base/java.util.Spliterators$ArraySpliterator.tryAdvance(Spliterators.java:1002)
at java.base/java.util.stream.ReferencePipeline.forEachWithCancel(ReferencePipeline.java:129)
at java.base/java.util.stream.AbstractPipeline.copyIntoWithCancel(AbstractPipeline.java:527)
at java.base/java.util.stream.AbstractPipeline.copyInto(AbstractPipeline.java:513)
at java.base/java.util.stream.AbstractPipeline.wrapAndCopyInto(AbstractPipeline.java:499)
at java.base/java.util.stream.FindOps$FindOp.evaluateSequential(FindOps.java:150)
at java.base/java.util.stream.AbstractPipeline.evaluate(AbstractPipeline.java:234)
at java.base/java.util.stream.ReferencePipeline.findFirst(ReferencePipeline.java:647)
at org.openqa.selenium.remote.ProtocolHandshake.createSession(ProtocolHandshake.java:128)
at org.openqa.selenium.remote.ProtocolHandshake.createSession(ProtocolHandshake.java:74)
at org.openqa.selenium.remote.HttpCommandExecutor.execute(HttpCommandExecutor.java:136)
at org.openqa.selenium.remote.service.DriverCommandExecutor.execute(DriverCommandExecutor.java:83)
at org.openqa.selenium.remote.RemoteWebDriver.execute(RemoteWebDriver.java:552)
at org.openqa.selenium.remote.RemoteWebDriver.startSession(RemoteWebDriver.java:213)
at org.openqa.selenium.remote.RemoteWebDriver.<init>(RemoteWebDriver.java:131)
at org.openqa.selenium.edge.EdgeDriver.<init>(EdgeDriver.java:141)
at org.openqa.selenium.edge.EdgeDriver.<init>(EdgeDriver.java:96)
at ddt.Paralleltesting.tc1(Paralleltesting.java:18)
at java.base/jdk.internal.reflect.NativeMethodAccessorImpl.invoke0(Native Method)
at java.base/jdk.internal.reflect.NativeMethodAccessorImpl.invoke(NativeMethodAccessorImpl.java:77)
at java.base/jdk.internal.reflect.DelegatingMethodAccessorImpl.invoke(DelegatingMethodAccessorImpl.java:43)
at java.base/java.lang.reflect.Method.invoke(Method.java:568)
at org.testng.internal.MethodInvocationHelper.invokeMethod(MethodInvocationHelper.java:124)
at org.testng.internal.MethodInvocationHelper.invokeMethodConsideringTimeout(MethodInvocationHelper.java:59)
at org.testng.internal.Invoker.invokeConfigurationMethod(Invoker.java:458)
at org.testng.internal.Invoker.invokeConfigurations(Invoker.java:222)
at org.testng.internal.Invoker.invokeConfigurations(Invoker.java:142)
at org.testng.TestRunner.beforeRun(TestRunner.java:529)
at org.testng.TestRunner.run(TestRunner.java:497)
at org.testng.SuiteRunner.runTest(SuiteRunner.java:455)
at org.testng.SuiteRunner.access$000(SuiteRunner.java:40)
at org.testng.SuiteRunner$SuiteWorker.run(SuiteRunner.java:489)
at org.testng.internal.thread.ThreadUtil$1.call(ThreadUtil.java:52)
at java.base/java.util.concurrent.FutureTask.run(FutureTask.java:264)
at java.base/java.util.concurrent.ThreadPoolExecutor.runWorker(ThreadPoolExecutor.java:1136)
at java.base/java.util.concurrent.ThreadPoolExecutor$Worker.run(ThreadPoolExecutor.java:635)
at java.base/java.lang.Thread.run(Thread.java:833)
]]>
            </full-stacktrace>
          </exception> <!-- org.openqa.selenium.WebDriverException -->
          <reporter-output>
          </reporter-output>
        </test-method> <!-- tc2 -->
      </class> <!-- ddt.Paralleltesting -->
    </test> <!-- Test1 -->
  </suite> <!-- Suite -->
</testng-results>
